{"C:\\Users\\lucas\\OneDrive\\Área de Trabalho\\Projetos\\Node\\express-mongo-conta\\src\\__tests__\\mocks\\expressRes.js": {"path":"C:\\Users\\lucas\\OneDrive\\Área de Trabalho\\Projetos\\Node\\express-mongo-conta\\src\\__tests__\\mocks\\expressRes.js","statementMap":{"0":{"start":{"line":1,"column":23},"end":{"line":6,"column":1}},"1":{"start":{"line":2,"column":16},"end":{"line":2,"column":18}},"2":{"start":{"line":3,"column":4},"end":{"line":3,"column":47}},"3":{"start":{"line":4,"column":4},"end":{"line":4,"column":45}},"4":{"start":{"line":5,"column":4},"end":{"line":5,"column":14}},"5":{"start":{"line":8,"column":0},"end":{"line":8,"column":31}}},"fnMap":{"0":{"name":"(anonymous_0)","decl":{"start":{"line":1,"column":23},"end":{"line":1,"column":24}},"loc":{"start":{"line":1,"column":29},"end":{"line":6,"column":1}},"line":1}},"branchMap":{},"s":{"0":9,"1":32,"2":32,"3":32,"4":32,"5":9},"f":{"0":32},"b":{},"_coverageSchema":"1a1c01bbd47fc00a2c39e90264f33305004495a9","hash":"0489fedd9b201b064eee28fc51c17e4f38a5c0ff"}
,"C:\\Users\\lucas\\OneDrive\\Área de Trabalho\\Projetos\\Node\\express-mongo-conta\\src\\__tests__\\mocks\\model.js": {"path":"C:\\Users\\lucas\\OneDrive\\Área de Trabalho\\Projetos\\Node\\express-mongo-conta\\src\\__tests__\\mocks\\model.js","statementMap":{"0":{"start":{"line":1,"column":18},"end":{"line":7,"column":1}},"1":{"start":{"line":9,"column":0},"end":{"line":9,"column":26}}},"fnMap":{},"branchMap":{},"s":{"0":9,"1":9},"f":{},"b":{},"_coverageSchema":"1a1c01bbd47fc00a2c39e90264f33305004495a9","hash":"cf0bc5bfec6cddc126e82ae20c1f55b7e56b82a5"}
,"C:\\Users\\lucas\\OneDrive\\Área de Trabalho\\Projetos\\Node\\express-mongo-conta\\src\\controllers\\AccountController.js": {"path":"C:\\Users\\lucas\\OneDrive\\Área de Trabalho\\Projetos\\Node\\express-mongo-conta\\src\\controllers\\AccountController.js","statementMap":{"0":{"start":{"line":1,"column":30},"end":{"line":1,"column":69}},"1":{"start":{"line":4,"column":13},"end":{"line":4,"column":19}},"2":{"start":{"line":5,"column":12},"end":{"line":5,"column":21}},"3":{"start":{"line":6,"column":16},"end":{"line":6,"column":25}},"4":{"start":{"line":7,"column":12},"end":{"line":7,"column":21}},"5":{"start":{"line":8,"column":13},"end":{"line":8,"column":22}},"6":{"start":{"line":11,"column":8},"end":{"line":11,"column":26}},"7":{"start":{"line":12,"column":8},"end":{"line":12,"column":34}},"8":{"start":{"line":13,"column":8},"end":{"line":13,"column":26}},"9":{"start":{"line":14,"column":8},"end":{"line":14,"column":28}},"10":{"start":{"line":17,"column":14},"end":{"line":30,"column":5}},"11":{"start":{"line":18,"column":23},"end":{"line":18,"column":25}},"12":{"start":{"line":19,"column":8},"end":{"line":27,"column":9}},"13":{"start":{"line":20,"column":29},"end":{"line":20,"column":52}},"14":{"start":{"line":21,"column":12},"end":{"line":21,"column":46}},"15":{"start":{"line":23,"column":12},"end":{"line":23,"column":72}},"16":{"start":{"line":25,"column":12},"end":{"line":25,"column":60}},"17":{"start":{"line":26,"column":12},"end":{"line":26,"column":117}},"18":{"start":{"line":29,"column":8},"end":{"line":29,"column":48}},"19":{"start":{"line":32,"column":15},"end":{"line":59,"column":5}},"20":{"start":{"line":33,"column":23},"end":{"line":33,"column":25}},"21":{"start":{"line":34,"column":8},"end":{"line":56,"column":9}},"22":{"start":{"line":35,"column":38},"end":{"line":35,"column":48}},"23":{"start":{"line":37,"column":12},"end":{"line":41,"column":13}},"24":{"start":{"line":38,"column":16},"end":{"line":38,"column":53}},"25":{"start":{"line":39,"column":16},"end":{"line":39,"column":101}},"26":{"start":{"line":40,"column":16},"end":{"line":40,"column":63}},"27":{"start":{"line":43,"column":28},"end":{"line":43,"column":76}},"28":{"start":{"line":45,"column":12},"end":{"line":51,"column":13}},"29":{"start":{"line":46,"column":16},"end":{"line":46,"column":50}},"30":{"start":{"line":47,"column":16},"end":{"line":47,"column":75}},"31":{"start":{"line":49,"column":16},"end":{"line":49,"column":52}},"32":{"start":{"line":50,"column":16},"end":{"line":50,"column":82}},"33":{"start":{"line":54,"column":12},"end":{"line":54,"column":60}},"34":{"start":{"line":55,"column":12},"end":{"line":55,"column":117}},"35":{"start":{"line":58,"column":8},"end":{"line":58,"column":48}},"36":{"start":{"line":61,"column":13},"end":{"line":110,"column":5}},"37":{"start":{"line":62,"column":23},"end":{"line":62,"column":25}},"38":{"start":{"line":63,"column":8},"end":{"line":107,"column":9}},"39":{"start":{"line":64,"column":31},"end":{"line":64,"column":87}},"40":{"start":{"line":66,"column":12},"end":{"line":102,"column":13}},"41":{"start":{"line":67,"column":96},"end":{"line":67,"column":104}},"42":{"start":{"line":69,"column":38},"end":{"line":69,"column":95}},"43":{"start":{"line":71,"column":16},"end":{"line":76,"column":17}},"44":{"start":{"line":72,"column":20},"end":{"line":72,"column":64}},"45":{"start":{"line":74,"column":20},"end":{"line":74,"column":118}},"46":{"start":{"line":75,"column":20},"end":{"line":75,"column":67}},"47":{"start":{"line":78,"column":39},"end":{"line":78,"column":89}},"48":{"start":{"line":80,"column":38},"end":{"line":87,"column":17}},"49":{"start":{"line":89,"column":32},"end":{"line":89,"column":70}},"50":{"start":{"line":91,"column":16},"end":{"line":97,"column":17}},"51":{"start":{"line":92,"column":20},"end":{"line":92,"column":69}},"52":{"start":{"line":93,"column":20},"end":{"line":93,"column":98}},"53":{"start":{"line":95,"column":20},"end":{"line":95,"column":62}},"54":{"start":{"line":96,"column":20},"end":{"line":96,"column":114}},"55":{"start":{"line":100,"column":16},"end":{"line":100,"column":65}},"56":{"start":{"line":101,"column":16},"end":{"line":101,"column":115}},"57":{"start":{"line":105,"column":12},"end":{"line":105,"column":60}},"58":{"start":{"line":106,"column":12},"end":{"line":106,"column":117}},"59":{"start":{"line":109,"column":8},"end":{"line":109,"column":48}},"60":{"start":{"line":112,"column":12},"end":{"line":147,"column":5}},"61":{"start":{"line":113,"column":23},"end":{"line":113,"column":25}},"62":{"start":{"line":114,"column":8},"end":{"line":144,"column":9}},"63":{"start":{"line":115,"column":31},"end":{"line":115,"column":87}},"64":{"start":{"line":117,"column":12},"end":{"line":140,"column":13}},"65":{"start":{"line":118,"column":44},"end":{"line":118,"column":52}},"66":{"start":{"line":120,"column":42},"end":{"line":120,"column":84}},"67":{"start":{"line":122,"column":16},"end":{"line":136,"column":17}},"68":{"start":{"line":123,"column":44},"end":{"line":123,"column":105}},"69":{"start":{"line":125,"column":20},"end":{"line":131,"column":21}},"70":{"start":{"line":126,"column":24},"end":{"line":126,"column":59}},"71":{"start":{"line":127,"column":24},"end":{"line":127,"column":86}},"72":{"start":{"line":129,"column":24},"end":{"line":129,"column":59}},"73":{"start":{"line":130,"column":24},"end":{"line":130,"column":86}},"74":{"start":{"line":134,"column":20},"end":{"line":134,"column":82}},"75":{"start":{"line":135,"column":20},"end":{"line":135,"column":56}},"76":{"start":{"line":138,"column":16},"end":{"line":138,"column":65}},"77":{"start":{"line":139,"column":16},"end":{"line":139,"column":115}},"78":{"start":{"line":142,"column":12},"end":{"line":142,"column":60}},"79":{"start":{"line":143,"column":12},"end":{"line":143,"column":117}},"80":{"start":{"line":146,"column":8},"end":{"line":146,"column":48}},"81":{"start":{"line":150,"column":0},"end":{"line":150,"column":34}}},"fnMap":{"0":{"name":"(anonymous_0)","decl":{"start":{"line":10,"column":4},"end":{"line":10,"column":5}},"loc":{"start":{"line":10,"column":53},"end":{"line":15,"column":5}},"line":10},"1":{"name":"(anonymous_1)","decl":{"start":{"line":17,"column":14},"end":{"line":17,"column":15}},"loc":{"start":{"line":17,"column":34},"end":{"line":30,"column":5}},"line":17},"2":{"name":"(anonymous_2)","decl":{"start":{"line":32,"column":15},"end":{"line":32,"column":16}},"loc":{"start":{"line":32,"column":35},"end":{"line":59,"column":5}},"line":32},"3":{"name":"(anonymous_3)","decl":{"start":{"line":61,"column":13},"end":{"line":61,"column":14}},"loc":{"start":{"line":61,"column":33},"end":{"line":110,"column":5}},"line":61},"4":{"name":"(anonymous_4)","decl":{"start":{"line":112,"column":12},"end":{"line":112,"column":13}},"loc":{"start":{"line":112,"column":32},"end":{"line":147,"column":5}},"line":112}},"branchMap":{"0":{"loc":{"start":{"line":37,"column":12},"end":{"line":41,"column":13}},"type":"if","locations":[{"start":{"line":37,"column":12},"end":{"line":41,"column":13}},{"start":{},"end":{}}],"line":37},"1":{"loc":{"start":{"line":45,"column":12},"end":{"line":51,"column":13}},"type":"if","locations":[{"start":{"line":45,"column":12},"end":{"line":51,"column":13}},{"start":{"line":48,"column":19},"end":{"line":51,"column":13}}],"line":45},"2":{"loc":{"start":{"line":66,"column":12},"end":{"line":102,"column":13}},"type":"if","locations":[{"start":{"line":66,"column":12},"end":{"line":102,"column":13}},{"start":{"line":99,"column":19},"end":{"line":102,"column":13}}],"line":66},"3":{"loc":{"start":{"line":71,"column":16},"end":{"line":76,"column":17}},"type":"if","locations":[{"start":{"line":71,"column":16},"end":{"line":76,"column":17}},{"start":{},"end":{}}],"line":71},"4":{"loc":{"start":{"line":91,"column":16},"end":{"line":97,"column":17}},"type":"if","locations":[{"start":{"line":91,"column":16},"end":{"line":97,"column":17}},{"start":{"line":94,"column":23},"end":{"line":97,"column":17}}],"line":91},"5":{"loc":{"start":{"line":117,"column":12},"end":{"line":140,"column":13}},"type":"if","locations":[{"start":{"line":117,"column":12},"end":{"line":140,"column":13}},{"start":{"line":137,"column":19},"end":{"line":140,"column":13}}],"line":117},"6":{"loc":{"start":{"line":122,"column":16},"end":{"line":136,"column":17}},"type":"if","locations":[{"start":{"line":122,"column":16},"end":{"line":136,"column":17}},{"start":{"line":133,"column":23},"end":{"line":136,"column":17}}],"line":122},"7":{"loc":{"start":{"line":125,"column":20},"end":{"line":131,"column":21}},"type":"if","locations":[{"start":{"line":125,"column":20},"end":{"line":131,"column":21}},{"start":{"line":128,"column":27},"end":{"line":131,"column":21}}],"line":125}},"s":{"0":4,"1":15,"2":15,"3":15,"4":15,"5":15,"6":15,"7":15,"8":15,"9":15,"10":15,"11":2,"12":2,"13":2,"14":1,"15":1,"16":1,"17":1,"18":2,"19":15,"20":4,"21":4,"22":4,"23":3,"24":1,"25":1,"26":1,"27":2,"28":2,"29":1,"30":1,"31":1,"32":1,"33":1,"34":1,"35":3,"36":15,"37":5,"38":5,"39":5,"40":4,"41":3,"42":3,"43":3,"44":1,"45":1,"46":1,"47":2,"48":2,"49":2,"50":2,"51":1,"52":1,"53":1,"54":1,"55":1,"56":1,"57":1,"58":1,"59":4,"60":15,"61":4,"62":4,"63":4,"64":3,"65":3,"66":3,"67":3,"68":2,"69":2,"70":1,"71":1,"72":1,"73":1,"74":1,"75":1,"76":0,"77":0,"78":1,"79":1,"80":4,"81":4},"f":{"0":15,"1":2,"2":4,"3":5,"4":4},"b":{"0":[1,2],"1":[1,1],"2":[3,1],"3":[1,2],"4":[1,1],"5":[3,0],"6":[2,1],"7":[1,1]},"_coverageSchema":"1a1c01bbd47fc00a2c39e90264f33305004495a9","hash":"44fb71786a21946b885470eaa98a2ab0899c91ac"}
,"C:\\Users\\lucas\\OneDrive\\Área de Trabalho\\Projetos\\Node\\express-mongo-conta\\src\\controllers\\TransactionController.js": {"path":"C:\\Users\\lucas\\OneDrive\\Área de Trabalho\\Projetos\\Node\\express-mongo-conta\\src\\controllers\\TransactionController.js","statementMap":{"0":{"start":{"line":1,"column":67},"end":{"line":1,"column":106}},"1":{"start":{"line":4,"column":13},"end":{"line":4,"column":22}},"2":{"start":{"line":5,"column":12},"end":{"line":5,"column":21}},"3":{"start":{"line":6,"column":16},"end":{"line":6,"column":25}},"4":{"start":{"line":7,"column":12},"end":{"line":7,"column":21}},"5":{"start":{"line":10,"column":8},"end":{"line":10,"column":26}},"6":{"start":{"line":11,"column":8},"end":{"line":11,"column":28}},"7":{"start":{"line":12,"column":8},"end":{"line":12,"column":34}},"8":{"start":{"line":13,"column":8},"end":{"line":13,"column":26}},"9":{"start":{"line":16,"column":14},"end":{"line":29,"column":5}},"10":{"start":{"line":17,"column":23},"end":{"line":17,"column":25}},"11":{"start":{"line":18,"column":8},"end":{"line":26,"column":9}},"12":{"start":{"line":19,"column":33},"end":{"line":19,"column":56}},"13":{"start":{"line":20,"column":12},"end":{"line":20,"column":46}},"14":{"start":{"line":22,"column":12},"end":{"line":22,"column":76}},"15":{"start":{"line":24,"column":12},"end":{"line":24,"column":60}},"16":{"start":{"line":25,"column":12},"end":{"line":25,"column":117}},"17":{"start":{"line":28,"column":8},"end":{"line":28,"column":48}},"18":{"start":{"line":31,"column":15},"end":{"line":57,"column":5}},"19":{"start":{"line":32,"column":23},"end":{"line":32,"column":25}},"20":{"start":{"line":33,"column":8},"end":{"line":54,"column":9}},"21":{"start":{"line":34,"column":38},"end":{"line":34,"column":48}},"22":{"start":{"line":36,"column":12},"end":{"line":40,"column":13}},"23":{"start":{"line":37,"column":16},"end":{"line":37,"column":53}},"24":{"start":{"line":38,"column":16},"end":{"line":38,"column":101}},"25":{"start":{"line":39,"column":16},"end":{"line":39,"column":63}},"26":{"start":{"line":42,"column":33},"end":{"line":42,"column":140}},"27":{"start":{"line":44,"column":12},"end":{"line":50,"column":13}},"28":{"start":{"line":45,"column":16},"end":{"line":45,"column":50}},"29":{"start":{"line":46,"column":16},"end":{"line":46,"column":80}},"30":{"start":{"line":48,"column":16},"end":{"line":48,"column":52}},"31":{"start":{"line":49,"column":16},"end":{"line":49,"column":100}},"32":{"start":{"line":52,"column":12},"end":{"line":52,"column":60}},"33":{"start":{"line":53,"column":12},"end":{"line":53,"column":117}},"34":{"start":{"line":56,"column":8},"end":{"line":56,"column":48}},"35":{"start":{"line":59,"column":15},"end":{"line":95,"column":5}},"36":{"start":{"line":60,"column":23},"end":{"line":60,"column":25}},"37":{"start":{"line":62,"column":8},"end":{"line":92,"column":9}},"38":{"start":{"line":63,"column":31},"end":{"line":63,"column":87}},"39":{"start":{"line":65,"column":12},"end":{"line":88,"column":13}},"40":{"start":{"line":66,"column":71},"end":{"line":66,"column":79}},"41":{"start":{"line":67,"column":40},"end":{"line":67,"column":108}},"42":{"start":{"line":69,"column":16},"end":{"line":83,"column":17}},"43":{"start":{"line":70,"column":20},"end":{"line":75,"column":22}},"44":{"start":{"line":77,"column":20},"end":{"line":77,"column":56}},"45":{"start":{"line":78,"column":20},"end":{"line":78,"column":98}},"46":{"start":{"line":81,"column":20},"end":{"line":81,"column":63}},"47":{"start":{"line":82,"column":20},"end":{"line":82,"column":112}},"48":{"start":{"line":86,"column":16},"end":{"line":86,"column":55}},"49":{"start":{"line":87,"column":16},"end":{"line":87,"column":87}},"50":{"start":{"line":90,"column":12},"end":{"line":90,"column":60}},"51":{"start":{"line":91,"column":12},"end":{"line":91,"column":117}},"52":{"start":{"line":94,"column":8},"end":{"line":94,"column":48}},"53":{"start":{"line":97,"column":14},"end":{"line":125,"column":5}},"54":{"start":{"line":98,"column":23},"end":{"line":98,"column":25}},"55":{"start":{"line":100,"column":8},"end":{"line":122,"column":9}},"56":{"start":{"line":101,"column":31},"end":{"line":101,"column":86}},"57":{"start":{"line":103,"column":12},"end":{"line":118,"column":13}},"58":{"start":{"line":104,"column":55},"end":{"line":104,"column":63}},"59":{"start":{"line":106,"column":16},"end":{"line":111,"column":18}},"60":{"start":{"line":113,"column":16},"end":{"line":113,"column":52}},"61":{"start":{"line":114,"column":16},"end":{"line":114,"column":93}},"62":{"start":{"line":116,"column":16},"end":{"line":116,"column":55}},"63":{"start":{"line":117,"column":16},"end":{"line":117,"column":87}},"64":{"start":{"line":120,"column":12},"end":{"line":120,"column":60}},"65":{"start":{"line":121,"column":12},"end":{"line":121,"column":117}},"66":{"start":{"line":124,"column":8},"end":{"line":124,"column":48}},"67":{"start":{"line":127,"column":15},"end":{"line":163,"column":5}},"68":{"start":{"line":128,"column":23},"end":{"line":128,"column":25}},"69":{"start":{"line":130,"column":8},"end":{"line":160,"column":9}},"70":{"start":{"line":131,"column":31},"end":{"line":131,"column":87}},"71":{"start":{"line":133,"column":12},"end":{"line":156,"column":13}},"72":{"start":{"line":134,"column":50},"end":{"line":134,"column":58}},"73":{"start":{"line":135,"column":40},"end":{"line":135,"column":108}},"74":{"start":{"line":137,"column":16},"end":{"line":151,"column":17}},"75":{"start":{"line":138,"column":20},"end":{"line":143,"column":22}},"76":{"start":{"line":145,"column":20},"end":{"line":145,"column":56}},"77":{"start":{"line":146,"column":20},"end":{"line":146,"column":98}},"78":{"start":{"line":149,"column":20},"end":{"line":149,"column":63}},"79":{"start":{"line":150,"column":20},"end":{"line":150,"column":112}},"80":{"start":{"line":154,"column":16},"end":{"line":154,"column":55}},"81":{"start":{"line":155,"column":16},"end":{"line":155,"column":87}},"82":{"start":{"line":158,"column":12},"end":{"line":158,"column":60}},"83":{"start":{"line":159,"column":12},"end":{"line":159,"column":117}},"84":{"start":{"line":162,"column":8},"end":{"line":162,"column":48}},"85":{"start":{"line":166,"column":0},"end":{"line":166,"column":38}}},"fnMap":{"0":{"name":"(anonymous_0)","decl":{"start":{"line":9,"column":4},"end":{"line":9,"column":5}},"loc":{"start":{"line":9,"column":53},"end":{"line":14,"column":5}},"line":9},"1":{"name":"(anonymous_1)","decl":{"start":{"line":16,"column":14},"end":{"line":16,"column":15}},"loc":{"start":{"line":16,"column":34},"end":{"line":29,"column":5}},"line":16},"2":{"name":"(anonymous_2)","decl":{"start":{"line":31,"column":15},"end":{"line":31,"column":16}},"loc":{"start":{"line":31,"column":35},"end":{"line":57,"column":5}},"line":31},"3":{"name":"(anonymous_3)","decl":{"start":{"line":59,"column":15},"end":{"line":59,"column":16}},"loc":{"start":{"line":59,"column":35},"end":{"line":95,"column":5}},"line":59},"4":{"name":"(anonymous_4)","decl":{"start":{"line":97,"column":14},"end":{"line":97,"column":15}},"loc":{"start":{"line":97,"column":34},"end":{"line":125,"column":5}},"line":97},"5":{"name":"(anonymous_5)","decl":{"start":{"line":127,"column":15},"end":{"line":127,"column":16}},"loc":{"start":{"line":127,"column":35},"end":{"line":163,"column":5}},"line":127}},"branchMap":{"0":{"loc":{"start":{"line":36,"column":12},"end":{"line":40,"column":13}},"type":"if","locations":[{"start":{"line":36,"column":12},"end":{"line":40,"column":13}},{"start":{},"end":{}}],"line":36},"1":{"loc":{"start":{"line":44,"column":12},"end":{"line":50,"column":13}},"type":"if","locations":[{"start":{"line":44,"column":12},"end":{"line":50,"column":13}},{"start":{"line":47,"column":19},"end":{"line":50,"column":13}}],"line":44},"2":{"loc":{"start":{"line":65,"column":12},"end":{"line":88,"column":13}},"type":"if","locations":[{"start":{"line":65,"column":12},"end":{"line":88,"column":13}},{"start":{"line":85,"column":19},"end":{"line":88,"column":13}}],"line":65},"3":{"loc":{"start":{"line":69,"column":16},"end":{"line":83,"column":17}},"type":"if","locations":[{"start":{"line":69,"column":16},"end":{"line":83,"column":17}},{"start":{"line":80,"column":21},"end":{"line":83,"column":17}}],"line":69},"4":{"loc":{"start":{"line":103,"column":12},"end":{"line":118,"column":13}},"type":"if","locations":[{"start":{"line":103,"column":12},"end":{"line":118,"column":13}},{"start":{"line":115,"column":19},"end":{"line":118,"column":13}}],"line":103},"5":{"loc":{"start":{"line":133,"column":12},"end":{"line":156,"column":13}},"type":"if","locations":[{"start":{"line":133,"column":12},"end":{"line":156,"column":13}},{"start":{"line":153,"column":19},"end":{"line":156,"column":13}}],"line":133},"6":{"loc":{"start":{"line":137,"column":16},"end":{"line":151,"column":17}},"type":"if","locations":[{"start":{"line":137,"column":16},"end":{"line":151,"column":17}},{"start":{"line":148,"column":21},"end":{"line":151,"column":17}}],"line":137}},"s":{"0":5,"1":17,"2":17,"3":17,"4":17,"5":17,"6":17,"7":17,"8":17,"9":17,"10":2,"11":2,"12":2,"13":1,"14":1,"15":1,"16":1,"17":2,"18":17,"19":4,"20":4,"21":4,"22":3,"23":1,"24":1,"25":1,"26":2,"27":2,"28":1,"29":1,"30":1,"31":1,"32":1,"33":1,"34":3,"35":17,"36":4,"37":4,"38":4,"39":3,"40":2,"41":2,"42":2,"43":1,"44":1,"45":1,"46":1,"47":1,"48":1,"49":1,"50":1,"51":1,"52":4,"53":17,"54":3,"55":3,"56":3,"57":2,"58":1,"59":1,"60":1,"61":1,"62":1,"63":1,"64":1,"65":1,"66":3,"67":17,"68":4,"69":4,"70":4,"71":3,"72":2,"73":2,"74":2,"75":1,"76":1,"77":1,"78":1,"79":1,"80":1,"81":1,"82":1,"83":1,"84":4,"85":5},"f":{"0":17,"1":2,"2":4,"3":4,"4":3,"5":4},"b":{"0":[1,2],"1":[1,1],"2":[2,1],"3":[1,1],"4":[1,1],"5":[2,1],"6":[1,1]},"_coverageSchema":"1a1c01bbd47fc00a2c39e90264f33305004495a9","hash":"19fdcb7ecc43a39cad8a9c3a8221674608304a6c"}
,"C:\\Users\\lucas\\OneDrive\\Área de Trabalho\\Projetos\\Node\\express-mongo-conta\\src\\services\\modelsStructures.js": {"path":"C:\\Users\\lucas\\OneDrive\\Área de Trabalho\\Projetos\\Node\\express-mongo-conta\\src\\services\\modelsStructures.js","statementMap":{"0":{"start":{"line":1,"column":26},"end":{"line":9,"column":1}},"1":{"start":{"line":11,"column":26},"end":{"line":16,"column":1}},"2":{"start":{"line":18,"column":25},"end":{"line":21,"column":1}},"3":{"start":{"line":23,"column":26},"end":{"line":26,"column":1}},"4":{"start":{"line":28,"column":0},"end":{"line":33,"column":1}}},"fnMap":{},"branchMap":{},"s":{"0":9,"1":9,"2":9,"3":9,"4":9},"f":{},"b":{},"_coverageSchema":"1a1c01bbd47fc00a2c39e90264f33305004495a9","hash":"5efe47f2581b440e60858dd9227634022dd1ebdc"}
}
