{"C:\\Users\\lucas\\OneDrive\\Área de Trabalho\\Projetos\\Node\\express-mongo-conta\\src\\__tests__\\mocks\\expressRes.js": {"path":"C:\\Users\\lucas\\OneDrive\\Área de Trabalho\\Projetos\\Node\\express-mongo-conta\\src\\__tests__\\mocks\\expressRes.js","statementMap":{"0":{"start":{"line":1,"column":23},"end":{"line":6,"column":1}},"1":{"start":{"line":2,"column":16},"end":{"line":2,"column":18}},"2":{"start":{"line":3,"column":4},"end":{"line":3,"column":47}},"3":{"start":{"line":4,"column":4},"end":{"line":4,"column":45}},"4":{"start":{"line":5,"column":4},"end":{"line":5,"column":14}},"5":{"start":{"line":8,"column":0},"end":{"line":8,"column":31}}},"fnMap":{"0":{"name":"(anonymous_0)","decl":{"start":{"line":1,"column":23},"end":{"line":1,"column":24}},"loc":{"start":{"line":1,"column":29},"end":{"line":6,"column":1}},"line":1}},"branchMap":{},"s":{"0":8,"1":28,"2":28,"3":28,"4":28,"5":8},"f":{"0":28},"b":{},"_coverageSchema":"1a1c01bbd47fc00a2c39e90264f33305004495a9","hash":"0489fedd9b201b064eee28fc51c17e4f38a5c0ff"}
,"C:\\Users\\lucas\\OneDrive\\Área de Trabalho\\Projetos\\Node\\express-mongo-conta\\src\\__tests__\\mocks\\model.js": {"path":"C:\\Users\\lucas\\OneDrive\\Área de Trabalho\\Projetos\\Node\\express-mongo-conta\\src\\__tests__\\mocks\\model.js","statementMap":{"0":{"start":{"line":1,"column":18},"end":{"line":7,"column":1}},"1":{"start":{"line":9,"column":0},"end":{"line":9,"column":26}}},"fnMap":{},"branchMap":{},"s":{"0":8,"1":8},"f":{},"b":{},"_coverageSchema":"1a1c01bbd47fc00a2c39e90264f33305004495a9","hash":"cf0bc5bfec6cddc126e82ae20c1f55b7e56b82a5"}
,"C:\\Users\\lucas\\OneDrive\\Área de Trabalho\\Projetos\\Node\\express-mongo-conta\\src\\controllers\\AccountController.js": {"path":"C:\\Users\\lucas\\OneDrive\\Área de Trabalho\\Projetos\\Node\\express-mongo-conta\\src\\controllers\\AccountController.js","statementMap":{"0":{"start":{"line":1,"column":30},"end":{"line":1,"column":69}},"1":{"start":{"line":4,"column":13},"end":{"line":4,"column":19}},"2":{"start":{"line":5,"column":12},"end":{"line":5,"column":21}},"3":{"start":{"line":6,"column":16},"end":{"line":6,"column":25}},"4":{"start":{"line":7,"column":12},"end":{"line":7,"column":21}},"5":{"start":{"line":8,"column":13},"end":{"line":8,"column":22}},"6":{"start":{"line":11,"column":8},"end":{"line":11,"column":26}},"7":{"start":{"line":12,"column":8},"end":{"line":12,"column":34}},"8":{"start":{"line":13,"column":8},"end":{"line":13,"column":26}},"9":{"start":{"line":14,"column":8},"end":{"line":14,"column":28}},"10":{"start":{"line":17,"column":14},"end":{"line":30,"column":5}},"11":{"start":{"line":18,"column":23},"end":{"line":18,"column":25}},"12":{"start":{"line":19,"column":8},"end":{"line":27,"column":9}},"13":{"start":{"line":20,"column":29},"end":{"line":20,"column":52}},"14":{"start":{"line":21,"column":12},"end":{"line":21,"column":46}},"15":{"start":{"line":23,"column":12},"end":{"line":23,"column":72}},"16":{"start":{"line":25,"column":12},"end":{"line":25,"column":60}},"17":{"start":{"line":26,"column":12},"end":{"line":26,"column":117}},"18":{"start":{"line":29,"column":8},"end":{"line":29,"column":48}},"19":{"start":{"line":32,"column":15},"end":{"line":59,"column":5}},"20":{"start":{"line":33,"column":23},"end":{"line":33,"column":25}},"21":{"start":{"line":34,"column":8},"end":{"line":56,"column":9}},"22":{"start":{"line":35,"column":38},"end":{"line":35,"column":48}},"23":{"start":{"line":37,"column":12},"end":{"line":41,"column":13}},"24":{"start":{"line":38,"column":16},"end":{"line":38,"column":53}},"25":{"start":{"line":39,"column":16},"end":{"line":39,"column":101}},"26":{"start":{"line":40,"column":16},"end":{"line":40,"column":63}},"27":{"start":{"line":43,"column":28},"end":{"line":43,"column":76}},"28":{"start":{"line":45,"column":12},"end":{"line":51,"column":13}},"29":{"start":{"line":46,"column":16},"end":{"line":46,"column":50}},"30":{"start":{"line":47,"column":16},"end":{"line":47,"column":75}},"31":{"start":{"line":49,"column":16},"end":{"line":49,"column":52}},"32":{"start":{"line":50,"column":16},"end":{"line":50,"column":82}},"33":{"start":{"line":54,"column":12},"end":{"line":54,"column":60}},"34":{"start":{"line":55,"column":12},"end":{"line":55,"column":117}},"35":{"start":{"line":58,"column":8},"end":{"line":58,"column":48}},"36":{"start":{"line":61,"column":13},"end":{"line":111,"column":5}},"37":{"start":{"line":62,"column":23},"end":{"line":62,"column":25}},"38":{"start":{"line":63,"column":8},"end":{"line":108,"column":9}},"39":{"start":{"line":64,"column":31},"end":{"line":64,"column":87}},"40":{"start":{"line":66,"column":12},"end":{"line":102,"column":13}},"41":{"start":{"line":67,"column":96},"end":{"line":67,"column":104}},"42":{"start":{"line":69,"column":38},"end":{"line":69,"column":95}},"43":{"start":{"line":71,"column":16},"end":{"line":76,"column":17}},"44":{"start":{"line":72,"column":20},"end":{"line":72,"column":64}},"45":{"start":{"line":74,"column":20},"end":{"line":74,"column":118}},"46":{"start":{"line":75,"column":20},"end":{"line":75,"column":67}},"47":{"start":{"line":78,"column":39},"end":{"line":78,"column":89}},"48":{"start":{"line":80,"column":38},"end":{"line":87,"column":17}},"49":{"start":{"line":89,"column":32},"end":{"line":89,"column":70}},"50":{"start":{"line":91,"column":16},"end":{"line":97,"column":17}},"51":{"start":{"line":92,"column":20},"end":{"line":92,"column":69}},"52":{"start":{"line":93,"column":20},"end":{"line":93,"column":98}},"53":{"start":{"line":95,"column":20},"end":{"line":95,"column":62}},"54":{"start":{"line":96,"column":20},"end":{"line":96,"column":114}},"55":{"start":{"line":100,"column":16},"end":{"line":100,"column":65}},"56":{"start":{"line":101,"column":16},"end":{"line":101,"column":115}},"57":{"start":{"line":105,"column":12},"end":{"line":105,"column":30}},"58":{"start":{"line":106,"column":12},"end":{"line":106,"column":60}},"59":{"start":{"line":107,"column":12},"end":{"line":107,"column":117}},"60":{"start":{"line":110,"column":8},"end":{"line":110,"column":48}},"61":{"start":{"line":114,"column":0},"end":{"line":114,"column":34}}},"fnMap":{"0":{"name":"(anonymous_0)","decl":{"start":{"line":10,"column":4},"end":{"line":10,"column":5}},"loc":{"start":{"line":10,"column":53},"end":{"line":15,"column":5}},"line":10},"1":{"name":"(anonymous_1)","decl":{"start":{"line":17,"column":14},"end":{"line":17,"column":15}},"loc":{"start":{"line":17,"column":34},"end":{"line":30,"column":5}},"line":17},"2":{"name":"(anonymous_2)","decl":{"start":{"line":32,"column":15},"end":{"line":32,"column":16}},"loc":{"start":{"line":32,"column":35},"end":{"line":59,"column":5}},"line":32},"3":{"name":"(anonymous_3)","decl":{"start":{"line":61,"column":13},"end":{"line":61,"column":14}},"loc":{"start":{"line":61,"column":33},"end":{"line":111,"column":5}},"line":61}},"branchMap":{"0":{"loc":{"start":{"line":37,"column":12},"end":{"line":41,"column":13}},"type":"if","locations":[{"start":{"line":37,"column":12},"end":{"line":41,"column":13}},{"start":{},"end":{}}],"line":37},"1":{"loc":{"start":{"line":45,"column":12},"end":{"line":51,"column":13}},"type":"if","locations":[{"start":{"line":45,"column":12},"end":{"line":51,"column":13}},{"start":{"line":48,"column":19},"end":{"line":51,"column":13}}],"line":45},"2":{"loc":{"start":{"line":66,"column":12},"end":{"line":102,"column":13}},"type":"if","locations":[{"start":{"line":66,"column":12},"end":{"line":102,"column":13}},{"start":{"line":99,"column":19},"end":{"line":102,"column":13}}],"line":66},"3":{"loc":{"start":{"line":71,"column":16},"end":{"line":76,"column":17}},"type":"if","locations":[{"start":{"line":71,"column":16},"end":{"line":76,"column":17}},{"start":{},"end":{}}],"line":71},"4":{"loc":{"start":{"line":91,"column":16},"end":{"line":97,"column":17}},"type":"if","locations":[{"start":{"line":91,"column":16},"end":{"line":97,"column":17}},{"start":{"line":94,"column":23},"end":{"line":97,"column":17}}],"line":91}},"s":{"0":3,"1":11,"2":11,"3":11,"4":11,"5":11,"6":11,"7":11,"8":11,"9":11,"10":11,"11":2,"12":2,"13":2,"14":1,"15":1,"16":1,"17":1,"18":2,"19":11,"20":4,"21":4,"22":4,"23":3,"24":1,"25":1,"26":1,"27":2,"28":2,"29":1,"30":1,"31":1,"32":1,"33":1,"34":1,"35":3,"36":11,"37":5,"38":5,"39":5,"40":4,"41":3,"42":3,"43":3,"44":1,"45":1,"46":1,"47":2,"48":2,"49":2,"50":2,"51":1,"52":1,"53":1,"54":1,"55":1,"56":1,"57":1,"58":1,"59":1,"60":4,"61":3},"f":{"0":11,"1":2,"2":4,"3":5},"b":{"0":[1,2],"1":[1,1],"2":[3,1],"3":[1,2],"4":[1,1]},"_coverageSchema":"1a1c01bbd47fc00a2c39e90264f33305004495a9","hash":"0255ddf9fad6d14c6cfd78d07879ad5a40d6fafd"}
,"C:\\Users\\lucas\\OneDrive\\Área de Trabalho\\Projetos\\Node\\express-mongo-conta\\src\\controllers\\TransactionController.js": {"path":"C:\\Users\\lucas\\OneDrive\\Área de Trabalho\\Projetos\\Node\\express-mongo-conta\\src\\controllers\\TransactionController.js","statementMap":{"0":{"start":{"line":1,"column":67},"end":{"line":1,"column":106}},"1":{"start":{"line":4,"column":13},"end":{"line":4,"column":22}},"2":{"start":{"line":5,"column":12},"end":{"line":5,"column":21}},"3":{"start":{"line":6,"column":16},"end":{"line":6,"column":25}},"4":{"start":{"line":7,"column":12},"end":{"line":7,"column":21}},"5":{"start":{"line":10,"column":8},"end":{"line":10,"column":26}},"6":{"start":{"line":11,"column":8},"end":{"line":11,"column":28}},"7":{"start":{"line":12,"column":8},"end":{"line":12,"column":34}},"8":{"start":{"line":13,"column":8},"end":{"line":13,"column":26}},"9":{"start":{"line":16,"column":14},"end":{"line":29,"column":5}},"10":{"start":{"line":17,"column":23},"end":{"line":17,"column":25}},"11":{"start":{"line":18,"column":8},"end":{"line":26,"column":9}},"12":{"start":{"line":19,"column":33},"end":{"line":19,"column":56}},"13":{"start":{"line":20,"column":12},"end":{"line":20,"column":46}},"14":{"start":{"line":22,"column":12},"end":{"line":22,"column":76}},"15":{"start":{"line":24,"column":12},"end":{"line":24,"column":60}},"16":{"start":{"line":25,"column":12},"end":{"line":25,"column":117}},"17":{"start":{"line":28,"column":8},"end":{"line":28,"column":48}},"18":{"start":{"line":31,"column":15},"end":{"line":59,"column":5}},"19":{"start":{"line":32,"column":23},"end":{"line":32,"column":25}},"20":{"start":{"line":33,"column":8},"end":{"line":56,"column":9}},"21":{"start":{"line":34,"column":38},"end":{"line":34,"column":48}},"22":{"start":{"line":36,"column":12},"end":{"line":40,"column":13}},"23":{"start":{"line":37,"column":16},"end":{"line":37,"column":53}},"24":{"start":{"line":38,"column":16},"end":{"line":38,"column":101}},"25":{"start":{"line":39,"column":16},"end":{"line":39,"column":63}},"26":{"start":{"line":42,"column":33},"end":{"line":42,"column":140}},"27":{"start":{"line":44,"column":12},"end":{"line":44,"column":58}},"28":{"start":{"line":45,"column":12},"end":{"line":51,"column":13}},"29":{"start":{"line":46,"column":16},"end":{"line":46,"column":50}},"30":{"start":{"line":47,"column":16},"end":{"line":47,"column":80}},"31":{"start":{"line":49,"column":16},"end":{"line":49,"column":52}},"32":{"start":{"line":50,"column":16},"end":{"line":50,"column":100}},"33":{"start":{"line":53,"column":12},"end":{"line":53,"column":30}},"34":{"start":{"line":54,"column":12},"end":{"line":54,"column":60}},"35":{"start":{"line":55,"column":12},"end":{"line":55,"column":117}},"36":{"start":{"line":58,"column":8},"end":{"line":58,"column":48}},"37":{"start":{"line":61,"column":15},"end":{"line":97,"column":5}},"38":{"start":{"line":62,"column":23},"end":{"line":62,"column":25}},"39":{"start":{"line":64,"column":8},"end":{"line":94,"column":9}},"40":{"start":{"line":65,"column":31},"end":{"line":65,"column":87}},"41":{"start":{"line":67,"column":12},"end":{"line":90,"column":13}},"42":{"start":{"line":68,"column":71},"end":{"line":68,"column":79}},"43":{"start":{"line":69,"column":40},"end":{"line":69,"column":108}},"44":{"start":{"line":71,"column":16},"end":{"line":85,"column":17}},"45":{"start":{"line":72,"column":20},"end":{"line":77,"column":22}},"46":{"start":{"line":79,"column":20},"end":{"line":79,"column":56}},"47":{"start":{"line":80,"column":20},"end":{"line":80,"column":98}},"48":{"start":{"line":83,"column":20},"end":{"line":83,"column":63}},"49":{"start":{"line":84,"column":20},"end":{"line":84,"column":112}},"50":{"start":{"line":88,"column":16},"end":{"line":88,"column":55}},"51":{"start":{"line":89,"column":16},"end":{"line":89,"column":87}},"52":{"start":{"line":92,"column":12},"end":{"line":92,"column":60}},"53":{"start":{"line":93,"column":12},"end":{"line":93,"column":117}},"54":{"start":{"line":96,"column":8},"end":{"line":96,"column":48}},"55":{"start":{"line":99,"column":14},"end":{"line":128,"column":5}},"56":{"start":{"line":100,"column":23},"end":{"line":100,"column":25}},"57":{"start":{"line":102,"column":8},"end":{"line":125,"column":9}},"58":{"start":{"line":103,"column":31},"end":{"line":103,"column":86}},"59":{"start":{"line":105,"column":12},"end":{"line":120,"column":13}},"60":{"start":{"line":106,"column":55},"end":{"line":106,"column":63}},"61":{"start":{"line":108,"column":16},"end":{"line":113,"column":18}},"62":{"start":{"line":115,"column":16},"end":{"line":115,"column":52}},"63":{"start":{"line":116,"column":16},"end":{"line":116,"column":93}},"64":{"start":{"line":118,"column":16},"end":{"line":118,"column":55}},"65":{"start":{"line":119,"column":16},"end":{"line":119,"column":87}},"66":{"start":{"line":122,"column":12},"end":{"line":122,"column":30}},"67":{"start":{"line":123,"column":12},"end":{"line":123,"column":60}},"68":{"start":{"line":124,"column":12},"end":{"line":124,"column":117}},"69":{"start":{"line":127,"column":8},"end":{"line":127,"column":48}},"70":{"start":{"line":130,"column":15},"end":{"line":166,"column":5}},"71":{"start":{"line":131,"column":23},"end":{"line":131,"column":25}},"72":{"start":{"line":133,"column":8},"end":{"line":163,"column":9}},"73":{"start":{"line":134,"column":31},"end":{"line":134,"column":87}},"74":{"start":{"line":136,"column":12},"end":{"line":159,"column":13}},"75":{"start":{"line":137,"column":50},"end":{"line":137,"column":58}},"76":{"start":{"line":138,"column":40},"end":{"line":138,"column":108}},"77":{"start":{"line":140,"column":16},"end":{"line":154,"column":17}},"78":{"start":{"line":141,"column":20},"end":{"line":146,"column":22}},"79":{"start":{"line":148,"column":20},"end":{"line":148,"column":56}},"80":{"start":{"line":149,"column":20},"end":{"line":149,"column":98}},"81":{"start":{"line":152,"column":20},"end":{"line":152,"column":63}},"82":{"start":{"line":153,"column":20},"end":{"line":153,"column":112}},"83":{"start":{"line":157,"column":16},"end":{"line":157,"column":55}},"84":{"start":{"line":158,"column":16},"end":{"line":158,"column":87}},"85":{"start":{"line":161,"column":12},"end":{"line":161,"column":60}},"86":{"start":{"line":162,"column":12},"end":{"line":162,"column":117}},"87":{"start":{"line":165,"column":8},"end":{"line":165,"column":48}},"88":{"start":{"line":169,"column":0},"end":{"line":169,"column":38}}},"fnMap":{"0":{"name":"(anonymous_0)","decl":{"start":{"line":9,"column":4},"end":{"line":9,"column":5}},"loc":{"start":{"line":9,"column":53},"end":{"line":14,"column":5}},"line":9},"1":{"name":"(anonymous_1)","decl":{"start":{"line":16,"column":14},"end":{"line":16,"column":15}},"loc":{"start":{"line":16,"column":34},"end":{"line":29,"column":5}},"line":16},"2":{"name":"(anonymous_2)","decl":{"start":{"line":31,"column":15},"end":{"line":31,"column":16}},"loc":{"start":{"line":31,"column":35},"end":{"line":59,"column":5}},"line":31},"3":{"name":"(anonymous_3)","decl":{"start":{"line":61,"column":15},"end":{"line":61,"column":16}},"loc":{"start":{"line":61,"column":35},"end":{"line":97,"column":5}},"line":61},"4":{"name":"(anonymous_4)","decl":{"start":{"line":99,"column":14},"end":{"line":99,"column":15}},"loc":{"start":{"line":99,"column":34},"end":{"line":128,"column":5}},"line":99},"5":{"name":"(anonymous_5)","decl":{"start":{"line":130,"column":15},"end":{"line":130,"column":16}},"loc":{"start":{"line":130,"column":35},"end":{"line":166,"column":5}},"line":130}},"branchMap":{"0":{"loc":{"start":{"line":36,"column":12},"end":{"line":40,"column":13}},"type":"if","locations":[{"start":{"line":36,"column":12},"end":{"line":40,"column":13}},{"start":{},"end":{}}],"line":36},"1":{"loc":{"start":{"line":45,"column":12},"end":{"line":51,"column":13}},"type":"if","locations":[{"start":{"line":45,"column":12},"end":{"line":51,"column":13}},{"start":{"line":48,"column":19},"end":{"line":51,"column":13}}],"line":45},"2":{"loc":{"start":{"line":67,"column":12},"end":{"line":90,"column":13}},"type":"if","locations":[{"start":{"line":67,"column":12},"end":{"line":90,"column":13}},{"start":{"line":87,"column":19},"end":{"line":90,"column":13}}],"line":67},"3":{"loc":{"start":{"line":71,"column":16},"end":{"line":85,"column":17}},"type":"if","locations":[{"start":{"line":71,"column":16},"end":{"line":85,"column":17}},{"start":{"line":82,"column":21},"end":{"line":85,"column":17}}],"line":71},"4":{"loc":{"start":{"line":105,"column":12},"end":{"line":120,"column":13}},"type":"if","locations":[{"start":{"line":105,"column":12},"end":{"line":120,"column":13}},{"start":{"line":117,"column":19},"end":{"line":120,"column":13}}],"line":105},"5":{"loc":{"start":{"line":136,"column":12},"end":{"line":159,"column":13}},"type":"if","locations":[{"start":{"line":136,"column":12},"end":{"line":159,"column":13}},{"start":{"line":156,"column":19},"end":{"line":159,"column":13}}],"line":136},"6":{"loc":{"start":{"line":140,"column":16},"end":{"line":154,"column":17}},"type":"if","locations":[{"start":{"line":140,"column":16},"end":{"line":154,"column":17}},{"start":{"line":151,"column":21},"end":{"line":154,"column":17}}],"line":140}},"s":{"0":5,"1":17,"2":17,"3":17,"4":17,"5":17,"6":17,"7":17,"8":17,"9":17,"10":2,"11":2,"12":2,"13":1,"14":1,"15":1,"16":1,"17":2,"18":17,"19":4,"20":4,"21":4,"22":3,"23":1,"24":1,"25":1,"26":2,"27":2,"28":2,"29":1,"30":1,"31":1,"32":1,"33":1,"34":1,"35":1,"36":3,"37":17,"38":4,"39":4,"40":4,"41":3,"42":2,"43":2,"44":2,"45":1,"46":1,"47":1,"48":1,"49":1,"50":1,"51":1,"52":1,"53":1,"54":4,"55":17,"56":3,"57":3,"58":3,"59":2,"60":1,"61":1,"62":1,"63":1,"64":1,"65":1,"66":1,"67":1,"68":1,"69":3,"70":17,"71":4,"72":4,"73":4,"74":3,"75":2,"76":2,"77":2,"78":1,"79":1,"80":1,"81":1,"82":1,"83":1,"84":1,"85":1,"86":1,"87":4,"88":5},"f":{"0":17,"1":2,"2":4,"3":4,"4":3,"5":4},"b":{"0":[1,2],"1":[1,1],"2":[2,1],"3":[1,1],"4":[1,1],"5":[2,1],"6":[1,1]},"_coverageSchema":"1a1c01bbd47fc00a2c39e90264f33305004495a9","hash":"434d32ebde070ad58accba7315ecc028d81dfb89"}
,"C:\\Users\\lucas\\OneDrive\\Área de Trabalho\\Projetos\\Node\\express-mongo-conta\\src\\services\\modelsStructures.js": {"path":"C:\\Users\\lucas\\OneDrive\\Área de Trabalho\\Projetos\\Node\\express-mongo-conta\\src\\services\\modelsStructures.js","statementMap":{"0":{"start":{"line":1,"column":26},"end":{"line":9,"column":1}},"1":{"start":{"line":11,"column":26},"end":{"line":16,"column":1}},"2":{"start":{"line":18,"column":25},"end":{"line":21,"column":1}},"3":{"start":{"line":23,"column":26},"end":{"line":26,"column":1}},"4":{"start":{"line":28,"column":0},"end":{"line":33,"column":1}}},"fnMap":{},"branchMap":{},"s":{"0":8,"1":8,"2":8,"3":8,"4":8},"f":{},"b":{},"_coverageSchema":"1a1c01bbd47fc00a2c39e90264f33305004495a9","hash":"5efe47f2581b440e60858dd9227634022dd1ebdc"}
}
