TN:
SF:src\__tests__\mocks\expressRes.js
FN:1,(anonymous_0)
FNF:1
FNH:1
FNDA:32,(anonymous_0)
DA:1,9
DA:2,32
DA:3,32
DA:4,32
DA:5,32
DA:8,9
LF:6
LH:6
BRF:0
BRH:0
end_of_record
TN:
SF:src\__tests__\mocks\model.js
FNF:0
FNH:0
DA:1,9
DA:9,9
LF:2
LH:2
BRF:0
BRH:0
end_of_record
TN:
SF:src\controllers\AccountController.js
FN:10,(anonymous_0)
FN:17,(anonymous_1)
FN:32,(anonymous_2)
FN:61,(anonymous_3)
FN:112,(anonymous_4)
FNF:5
FNH:5
FNDA:15,(anonymous_0)
FNDA:2,(anonymous_1)
FNDA:4,(anonymous_2)
FNDA:5,(anonymous_3)
FNDA:4,(anonymous_4)
DA:1,4
DA:4,15
DA:5,15
DA:6,15
DA:7,15
DA:8,15
DA:11,15
DA:12,15
DA:13,15
DA:14,15
DA:17,15
DA:18,2
DA:19,2
DA:20,2
DA:21,1
DA:23,1
DA:25,1
DA:26,1
DA:29,2
DA:32,15
DA:33,4
DA:34,4
DA:35,4
DA:37,3
DA:38,1
DA:39,1
DA:40,1
DA:43,2
DA:45,2
DA:46,1
DA:47,1
DA:49,1
DA:50,1
DA:54,1
DA:55,1
DA:58,3
DA:61,15
DA:62,5
DA:63,5
DA:64,5
DA:66,4
DA:67,3
DA:69,3
DA:71,3
DA:72,1
DA:74,1
DA:75,1
DA:78,2
DA:80,2
DA:89,2
DA:91,2
DA:92,1
DA:93,1
DA:95,1
DA:96,1
DA:100,1
DA:101,1
DA:105,1
DA:106,1
DA:109,4
DA:112,15
DA:113,4
DA:114,4
DA:115,4
DA:117,3
DA:118,3
DA:120,3
DA:122,3
DA:123,2
DA:125,2
DA:126,1
DA:127,1
DA:129,1
DA:130,1
DA:134,1
DA:135,1
DA:138,0
DA:139,0
DA:142,1
DA:143,1
DA:146,4
DA:150,4
LF:82
LH:80
BRDA:37,0,0,1
BRDA:37,0,1,2
BRDA:45,1,0,1
BRDA:45,1,1,1
BRDA:66,2,0,3
BRDA:66,2,1,1
BRDA:71,3,0,1
BRDA:71,3,1,2
BRDA:91,4,0,1
BRDA:91,4,1,1
BRDA:117,5,0,3
BRDA:117,5,1,0
BRDA:122,6,0,2
BRDA:122,6,1,1
BRDA:125,7,0,1
BRDA:125,7,1,1
BRF:16
BRH:15
end_of_record
TN:
SF:src\controllers\TransactionController.js
FN:9,(anonymous_0)
FN:16,(anonymous_1)
FN:31,(anonymous_2)
FN:59,(anonymous_3)
FN:97,(anonymous_4)
FN:127,(anonymous_5)
FNF:6
FNH:6
FNDA:17,(anonymous_0)
FNDA:2,(anonymous_1)
FNDA:4,(anonymous_2)
FNDA:4,(anonymous_3)
FNDA:3,(anonymous_4)
FNDA:4,(anonymous_5)
DA:1,5
DA:4,17
DA:5,17
DA:6,17
DA:7,17
DA:10,17
DA:11,17
DA:12,17
DA:13,17
DA:16,17
DA:17,2
DA:18,2
DA:19,2
DA:20,1
DA:22,1
DA:24,1
DA:25,1
DA:28,2
DA:31,17
DA:32,4
DA:33,4
DA:34,4
DA:36,3
DA:37,1
DA:38,1
DA:39,1
DA:42,2
DA:44,2
DA:45,1
DA:46,1
DA:48,1
DA:49,1
DA:52,1
DA:53,1
DA:56,3
DA:59,17
DA:60,4
DA:62,4
DA:63,4
DA:65,3
DA:66,2
DA:67,2
DA:69,2
DA:70,1
DA:77,1
DA:78,1
DA:81,1
DA:82,1
DA:86,1
DA:87,1
DA:90,1
DA:91,1
DA:94,4
DA:97,17
DA:98,3
DA:100,3
DA:101,3
DA:103,2
DA:104,1
DA:106,1
DA:113,1
DA:114,1
DA:116,1
DA:117,1
DA:120,1
DA:121,1
DA:124,3
DA:127,17
DA:128,4
DA:130,4
DA:131,4
DA:133,3
DA:134,2
DA:135,2
DA:137,2
DA:138,1
DA:145,1
DA:146,1
DA:149,1
DA:150,1
DA:154,1
DA:155,1
DA:158,1
DA:159,1
DA:162,4
DA:166,5
LF:86
LH:86
BRDA:36,0,0,1
BRDA:36,0,1,2
BRDA:44,1,0,1
BRDA:44,1,1,1
BRDA:65,2,0,2
BRDA:65,2,1,1
BRDA:69,3,0,1
BRDA:69,3,1,1
BRDA:103,4,0,1
BRDA:103,4,1,1
BRDA:133,5,0,2
BRDA:133,5,1,1
BRDA:137,6,0,1
BRDA:137,6,1,1
BRF:14
BRH:14
end_of_record
TN:
SF:src\services\modelsStructures.js
FNF:0
FNH:0
DA:1,9
DA:11,9
DA:18,9
DA:23,9
DA:28,9
LF:5
LH:5
BRF:0
BRH:0
end_of_record
